<?xml version="1.0" encoding="UTF-8"?>
<!-- Generated by org.testng.reporters.JUnitReportReporter -->
<testsuite hostname="DESKTOP-0SDSHUM" failures="0" tests="1" name="MobileAutomation.SwiggyWebApplication" time="34.190" errors="0" timestamp="2022-12-06T02:43:01 IST" skipped="0">
  <testcase classname="MobileAutomation.SwiggyWebApplication" name="TC_SwiggyWeb" time="34.190"/>
  <system-out/>
</testsuite> <!-- MobileAutomation.SwiggyWebApplication -->
